  Checking Build System
  CMake does not need to re-run because F:/Development/WoW_Servers/Patches/Mist of Pandaria(TrinityCore 5.1.0)/build/CMakeFiles/generate.stamp is up-to-date.
  CMake does not need to re-run because F:/Development/WoW_Servers/Patches/Mist of Pandaria(TrinityCore 5.1.0)/build/dep/CMakeFiles/generate.stamp is up-to-date.
  CMake does not need to re-run because F:/Development/WoW_Servers/Patches/Mist of Pandaria(TrinityCore 5.1.0)/build/dep/acelite/CMakeFiles/generate.stamp is up-to-date.
  CMake does not need to re-run because F:/Development/WoW_Servers/Patches/Mist of Pandaria(TrinityCore 5.1.0)/build/dep/acelite/ace/CMakeFiles/generate.stamp is up-to-date.
  CMake does not need to re-run because F:/Development/WoW_Servers/Patches/Mist of Pandaria(TrinityCore 5.1.0)/build/dep/mysqllite/CMakeFiles/generate.stamp is up-to-date.
  CMake does not need to re-run because F:/Development/WoW_Servers/Patches/Mist of Pandaria(TrinityCore 5.1.0)/build/dep/zlib/CMakeFiles/generate.stamp is up-to-date.
  CMake does not need to re-run because F:/Development/WoW_Servers/Patches/Mist of Pandaria(TrinityCore 5.1.0)/build/dep/g3dlite/CMakeFiles/generate.stamp is up-to-date.
  CMake does not need to re-run because F:/Development/WoW_Servers/Patches/Mist of Pandaria(TrinityCore 5.1.0)/build/dep/recastnavigation/CMakeFiles/generate.stamp is up-to-date.
  CMake does not need to re-run because F:/Development/WoW_Servers/Patches/Mist of Pandaria(TrinityCore 5.1.0)/build/dep/recastnavigation/Detour/CMakeFiles/generate.stamp is up-to-date.
  CMake does not need to re-run because F:/Development/WoW_Servers/Patches/Mist of Pandaria(TrinityCore 5.1.0)/build/dep/recastnavigation/Recast/CMakeFiles/generate.stamp is up-to-date.
  CMake does not need to re-run because F:/Development/WoW_Servers/Patches/Mist of Pandaria(TrinityCore 5.1.0)/build/dep/gsoap/CMakeFiles/generate.stamp is up-to-date.
  CMake does not need to re-run because F:/Development/WoW_Servers/Patches/Mist of Pandaria(TrinityCore 5.1.0)/build/src/CMakeFiles/generate.stamp is up-to-date.
  CMake does not need to re-run because F:/Development/WoW_Servers/Patches/Mist of Pandaria(TrinityCore 5.1.0)/build/src/genrev/CMakeFiles/generate.stamp is up-to-date.
  CMake does not need to re-run because F:/Development/WoW_Servers/Patches/Mist of Pandaria(TrinityCore 5.1.0)/build/src/server/CMakeFiles/generate.stamp is up-to-date.
  CMake does not need to re-run because F:/Development/WoW_Servers/Patches/Mist of Pandaria(TrinityCore 5.1.0)/build/src/server/shared/CMakeFiles/generate.stamp is up-to-date.
  CMake does not need to re-run because F:/Development/WoW_Servers/Patches/Mist of Pandaria(TrinityCore 5.1.0)/build/src/server/game/CMakeFiles/generate.stamp is up-to-date.
  CMake does not need to re-run because F:/Development/WoW_Servers/Patches/Mist of Pandaria(TrinityCore 5.1.0)/build/src/server/collision/CMakeFiles/generate.stamp is up-to-date.
  CMake does not need to re-run because F:/Development/WoW_Servers/Patches/Mist of Pandaria(TrinityCore 5.1.0)/build/src/server/authserver/CMakeFiles/generate.stamp is up-to-date.
  CMake does not need to re-run because F:/Development/WoW_Servers/Patches/Mist of Pandaria(TrinityCore 5.1.0)/build/src/server/scripts/CMakeFiles/generate.stamp is up-to-date.
  CMake does not need to re-run because F:/Development/WoW_Servers/Patches/Mist of Pandaria(TrinityCore 5.1.0)/build/src/server/worldserver/CMakeFiles/generate.stamp is up-to-date.
